[2026-02-13T14:07:08.942+0000] {taskinstance.py:1956} INFO - Dependencies all met for dep_context=non-requeueable deps ti=<TaskInstance: enrich_cavaliers_daily.enrich_api scheduled__2026-02-12T03:00:00+00:00 [queued]>
[2026-02-13T14:07:08.965+0000] {taskinstance.py:1956} INFO - Dependencies all met for dep_context=requeueable deps ti=<TaskInstance: enrich_cavaliers_daily.enrich_api scheduled__2026-02-12T03:00:00+00:00 [queued]>
[2026-02-13T14:07:08.966+0000] {taskinstance.py:2170} INFO - Starting attempt 1 of 3
[2026-02-13T14:07:09.006+0000] {taskinstance.py:2191} INFO - Executing <Task(PythonOperator): enrich_api> on 2026-02-12 03:00:00+00:00
[2026-02-13T14:07:09.020+0000] {standard_task_runner.py:60} INFO - Started process 197 to run task
[2026-02-13T14:07:09.026+0000] {standard_task_runner.py:87} INFO - Running: ['***', 'tasks', 'run', 'enrich_cavaliers_daily', 'enrich_api', 'scheduled__2026-02-12T03:00:00+00:00', '--job-id', '28', '--raw', '--subdir', 'DAGS_FOLDER/enrich_cavaliers_daily.py', '--cfg-path', '/tmp/tmpib14jwco']
[2026-02-13T14:07:09.032+0000] {standard_task_runner.py:88} INFO - Job 28: Subtask enrich_api
[2026-02-13T14:07:09.160+0000] {task_command.py:423} INFO - Running <TaskInstance: enrich_cavaliers_daily.enrich_api scheduled__2026-02-12T03:00:00+00:00 [running]> on host fcd90f0efed2
[2026-02-13T14:07:09.327+0000] {taskinstance.py:2480} INFO - Exporting env vars: AIRFLOW_CTX_DAG_OWNER='oracle' AIRFLOW_CTX_DAG_ID='enrich_cavaliers_daily' AIRFLOW_CTX_TASK_ID='enrich_api' AIRFLOW_CTX_EXECUTION_DATE='2026-02-12T03:00:00+00:00' AIRFLOW_CTX_TRY_NUMBER='1' AIRFLOW_CTX_DAG_RUN_ID='scheduled__2026-02-12T03:00:00+00:00'
[2026-02-13T14:07:09.351+0000] {logging_mixin.py:188} INFO - 📊 Traitement de 1668 cavaliers...
[2026-02-13T14:07:09.371+0000] {logging_mixin.py:188} INFO - 🔄 Appel API Data Gouv...
[2026-02-13T14:07:11.852+0000] {logging_mixin.py:188} INFO - ✅ Réponse API reçue en 2.48s
[2026-02-13T14:07:11.893+0000] {logging_mixin.py:188} INFO - 
============================================================
[2026-02-13T14:07:11.894+0000] {logging_mixin.py:188} INFO - 📊 STATISTIQUES D'ENRICHISSEMENT
[2026-02-13T14:07:11.894+0000] {logging_mixin.py:188} INFO - ============================================================
[2026-02-13T14:07:11.894+0000] {logging_mixin.py:188} INFO - ✅ 1666 cavaliers enrichis sur 1668
[2026-02-13T14:07:11.894+0000] {logging_mixin.py:188} INFO - 
Répartition par code postal :
[2026-02-13T14:07:11.894+0000] {logging_mixin.py:188} INFO -   HORS ZONE: 2
[2026-02-13T14:07:11.895+0000] {logging_mixin.py:188} INFO -   69001: 167
[2026-02-13T14:07:11.895+0000] {logging_mixin.py:188} INFO -   69002: 216
[2026-02-13T14:07:11.895+0000] {logging_mixin.py:188} INFO -   69003: 249
[2026-02-13T14:07:11.895+0000] {logging_mixin.py:188} INFO -   69004: 128
[2026-02-13T14:07:11.895+0000] {logging_mixin.py:188} INFO -   69005: 169
[2026-02-13T14:07:11.895+0000] {logging_mixin.py:188} INFO -   69006: 177
[2026-02-13T14:07:11.895+0000] {logging_mixin.py:188} INFO -   69007: 252
[2026-02-13T14:07:11.896+0000] {logging_mixin.py:188} INFO -   69008: 169
[2026-02-13T14:07:11.896+0000] {logging_mixin.py:188} INFO -   69009: 136
[2026-02-13T14:07:11.899+0000] {python.py:201} INFO - Done. Returned value was: {'total': 1668, 'enriched': 1666, 'success_rate': 99.88}
[2026-02-13T14:07:11.936+0000] {taskinstance.py:1138} INFO - Marking task as SUCCESS. dag_id=enrich_cavaliers_daily, task_id=enrich_api, execution_date=20260212T030000, start_date=20260213T140708, end_date=20260213T140711
[2026-02-13T14:07:11.994+0000] {local_task_job_runner.py:234} INFO - Task exited with return code 0
[2026-02-13T14:07:12.046+0000] {taskinstance.py:3280} INFO - 0 downstream tasks scheduled from follow-on schedule check
