[2026-02-13T14:07:02.098+0000] {processor.py:161} INFO - Started process (PID=165) to work on /opt/airflow/dags/generate_map_daily.py
[2026-02-13T14:07:02.103+0000] {processor.py:830} INFO - Processing file /opt/airflow/dags/generate_map_daily.py for tasks to queue
[2026-02-13T14:07:02.106+0000] {logging_mixin.py:188} INFO - [2026-02-13T14:07:02.105+0000] {dagbag.py:538} INFO - Filling up the DagBag from /opt/airflow/dags/generate_map_daily.py
[2026-02-13T14:07:02.158+0000] {processor.py:840} INFO - DAG(s) 'generate_map_daily' retrieved from /opt/airflow/dags/generate_map_daily.py
[2026-02-13T14:07:02.218+0000] {logging_mixin.py:188} INFO - [2026-02-13T14:07:02.218+0000] {dag.py:3036} INFO - Sync 1 DAGs
[2026-02-13T14:07:02.292+0000] {logging_mixin.py:188} INFO - [2026-02-13T14:07:02.291+0000] {dag.py:3823} INFO - Setting next_dagrun for generate_map_daily to 2026-02-13 04:00:00+00:00, run_after=2026-02-14 04:00:00+00:00
[2026-02-13T14:07:02.331+0000] {processor.py:183} INFO - Processing /opt/airflow/dags/generate_map_daily.py took 0.239 seconds
[2026-02-13T14:07:33.164+0000] {processor.py:161} INFO - Started process (PID=215) to work on /opt/airflow/dags/generate_map_daily.py
[2026-02-13T14:07:33.169+0000] {processor.py:830} INFO - Processing file /opt/airflow/dags/generate_map_daily.py for tasks to queue
[2026-02-13T14:07:33.177+0000] {logging_mixin.py:188} INFO - [2026-02-13T14:07:33.174+0000] {dagbag.py:538} INFO - Filling up the DagBag from /opt/airflow/dags/generate_map_daily.py
[2026-02-13T14:07:33.331+0000] {processor.py:840} INFO - DAG(s) 'generate_map_daily' retrieved from /opt/airflow/dags/generate_map_daily.py
[2026-02-13T14:07:35.847+0000] {logging_mixin.py:188} INFO - [2026-02-13T14:07:35.832+0000] {dag.py:3036} INFO - Sync 1 DAGs
[2026-02-13T14:07:36.082+0000] {logging_mixin.py:188} INFO - [2026-02-13T14:07:36.081+0000] {dag.py:3823} INFO - Setting next_dagrun for generate_map_daily to 2026-02-13 04:00:00+00:00, run_after=2026-02-14 04:00:00+00:00
[2026-02-13T14:07:36.194+0000] {processor.py:183} INFO - Processing /opt/airflow/dags/generate_map_daily.py took 3.055 seconds
[2026-02-13T14:08:06.600+0000] {processor.py:161} INFO - Started process (PID=232) to work on /opt/airflow/dags/generate_map_daily.py
[2026-02-13T14:08:06.601+0000] {processor.py:830} INFO - Processing file /opt/airflow/dags/generate_map_daily.py for tasks to queue
[2026-02-13T14:08:06.603+0000] {logging_mixin.py:188} INFO - [2026-02-13T14:08:06.602+0000] {dagbag.py:538} INFO - Filling up the DagBag from /opt/airflow/dags/generate_map_daily.py
[2026-02-13T14:08:06.640+0000] {processor.py:840} INFO - DAG(s) 'generate_map_daily' retrieved from /opt/airflow/dags/generate_map_daily.py
[2026-02-13T14:08:06.681+0000] {logging_mixin.py:188} INFO - [2026-02-13T14:08:06.681+0000] {dag.py:3036} INFO - Sync 1 DAGs
[2026-02-13T14:08:06.708+0000] {logging_mixin.py:188} INFO - [2026-02-13T14:08:06.707+0000] {dag.py:3823} INFO - Setting next_dagrun for generate_map_daily to 2026-02-13 04:00:00+00:00, run_after=2026-02-14 04:00:00+00:00
[2026-02-13T14:08:06.721+0000] {processor.py:183} INFO - Processing /opt/airflow/dags/generate_map_daily.py took 0.128 seconds
[2026-02-13T14:08:36.958+0000] {processor.py:161} INFO - Started process (PID=249) to work on /opt/airflow/dags/generate_map_daily.py
[2026-02-13T14:08:36.960+0000] {processor.py:830} INFO - Processing file /opt/airflow/dags/generate_map_daily.py for tasks to queue
[2026-02-13T14:08:36.961+0000] {logging_mixin.py:188} INFO - [2026-02-13T14:08:36.960+0000] {dagbag.py:538} INFO - Filling up the DagBag from /opt/airflow/dags/generate_map_daily.py
[2026-02-13T14:08:36.988+0000] {processor.py:840} INFO - DAG(s) 'generate_map_daily' retrieved from /opt/airflow/dags/generate_map_daily.py
[2026-02-13T14:08:37.031+0000] {logging_mixin.py:188} INFO - [2026-02-13T14:08:37.030+0000] {dag.py:3036} INFO - Sync 1 DAGs
[2026-02-13T14:08:37.064+0000] {logging_mixin.py:188} INFO - [2026-02-13T14:08:37.064+0000] {dag.py:3823} INFO - Setting next_dagrun for generate_map_daily to 2026-02-13 04:00:00+00:00, run_after=2026-02-14 04:00:00+00:00
[2026-02-13T14:08:37.083+0000] {processor.py:183} INFO - Processing /opt/airflow/dags/generate_map_daily.py took 0.130 seconds
[2026-02-13T14:09:07.552+0000] {processor.py:161} INFO - Started process (PID=266) to work on /opt/airflow/dags/generate_map_daily.py
[2026-02-13T14:09:07.555+0000] {processor.py:830} INFO - Processing file /opt/airflow/dags/generate_map_daily.py for tasks to queue
[2026-02-13T14:09:07.556+0000] {logging_mixin.py:188} INFO - [2026-02-13T14:09:07.555+0000] {dagbag.py:538} INFO - Filling up the DagBag from /opt/airflow/dags/generate_map_daily.py
[2026-02-13T14:09:07.624+0000] {processor.py:840} INFO - DAG(s) 'generate_map_daily' retrieved from /opt/airflow/dags/generate_map_daily.py
[2026-02-13T14:09:07.721+0000] {logging_mixin.py:188} INFO - [2026-02-13T14:09:07.720+0000] {dag.py:3036} INFO - Sync 1 DAGs
[2026-02-13T14:09:07.769+0000] {logging_mixin.py:188} INFO - [2026-02-13T14:09:07.767+0000] {dag.py:3823} INFO - Setting next_dagrun for generate_map_daily to 2026-02-13 04:00:00+00:00, run_after=2026-02-14 04:00:00+00:00
[2026-02-13T14:09:07.789+0000] {processor.py:183} INFO - Processing /opt/airflow/dags/generate_map_daily.py took 0.253 seconds
[2026-02-13T14:09:37.966+0000] {processor.py:161} INFO - Started process (PID=283) to work on /opt/airflow/dags/generate_map_daily.py
[2026-02-13T14:09:37.967+0000] {processor.py:830} INFO - Processing file /opt/airflow/dags/generate_map_daily.py for tasks to queue
[2026-02-13T14:09:37.970+0000] {logging_mixin.py:188} INFO - [2026-02-13T14:09:37.969+0000] {dagbag.py:538} INFO - Filling up the DagBag from /opt/airflow/dags/generate_map_daily.py
[2026-02-13T14:09:38.016+0000] {processor.py:840} INFO - DAG(s) 'generate_map_daily' retrieved from /opt/airflow/dags/generate_map_daily.py
[2026-02-13T14:09:38.086+0000] {logging_mixin.py:188} INFO - [2026-02-13T14:09:38.086+0000] {dag.py:3036} INFO - Sync 1 DAGs
[2026-02-13T14:09:38.119+0000] {logging_mixin.py:188} INFO - [2026-02-13T14:09:38.119+0000] {dag.py:3823} INFO - Setting next_dagrun for generate_map_daily to 2026-02-13 04:00:00+00:00, run_after=2026-02-14 04:00:00+00:00
[2026-02-13T14:09:38.169+0000] {processor.py:183} INFO - Processing /opt/airflow/dags/generate_map_daily.py took 0.214 seconds
[2026-02-13T14:10:08.549+0000] {processor.py:161} INFO - Started process (PID=300) to work on /opt/airflow/dags/generate_map_daily.py
[2026-02-13T14:10:08.551+0000] {processor.py:830} INFO - Processing file /opt/airflow/dags/generate_map_daily.py for tasks to queue
[2026-02-13T14:10:08.552+0000] {logging_mixin.py:188} INFO - [2026-02-13T14:10:08.552+0000] {dagbag.py:538} INFO - Filling up the DagBag from /opt/airflow/dags/generate_map_daily.py
[2026-02-13T14:10:08.588+0000] {processor.py:840} INFO - DAG(s) 'generate_map_daily' retrieved from /opt/airflow/dags/generate_map_daily.py
[2026-02-13T14:10:08.640+0000] {logging_mixin.py:188} INFO - [2026-02-13T14:10:08.640+0000] {dag.py:3036} INFO - Sync 1 DAGs
[2026-02-13T14:10:08.667+0000] {logging_mixin.py:188} INFO - [2026-02-13T14:10:08.666+0000] {dag.py:3823} INFO - Setting next_dagrun for generate_map_daily to 2026-02-13 04:00:00+00:00, run_after=2026-02-14 04:00:00+00:00
[2026-02-13T14:10:08.683+0000] {processor.py:183} INFO - Processing /opt/airflow/dags/generate_map_daily.py took 0.141 seconds
[2026-02-13T14:10:38.932+0000] {processor.py:161} INFO - Started process (PID=317) to work on /opt/airflow/dags/generate_map_daily.py
[2026-02-13T14:10:38.934+0000] {processor.py:830} INFO - Processing file /opt/airflow/dags/generate_map_daily.py for tasks to queue
[2026-02-13T14:10:38.936+0000] {logging_mixin.py:188} INFO - [2026-02-13T14:10:38.935+0000] {dagbag.py:538} INFO - Filling up the DagBag from /opt/airflow/dags/generate_map_daily.py
[2026-02-13T14:10:38.965+0000] {processor.py:840} INFO - DAG(s) 'generate_map_daily' retrieved from /opt/airflow/dags/generate_map_daily.py
[2026-02-13T14:10:39.022+0000] {logging_mixin.py:188} INFO - [2026-02-13T14:10:39.021+0000] {dag.py:3036} INFO - Sync 1 DAGs
[2026-02-13T14:10:39.049+0000] {logging_mixin.py:188} INFO - [2026-02-13T14:10:39.049+0000] {dag.py:3823} INFO - Setting next_dagrun for generate_map_daily to 2026-02-13 04:00:00+00:00, run_after=2026-02-14 04:00:00+00:00
[2026-02-13T14:10:39.061+0000] {processor.py:183} INFO - Processing /opt/airflow/dags/generate_map_daily.py took 0.137 seconds
[2026-02-13T14:11:09.342+0000] {processor.py:161} INFO - Started process (PID=334) to work on /opt/airflow/dags/generate_map_daily.py
[2026-02-13T14:11:09.345+0000] {processor.py:830} INFO - Processing file /opt/airflow/dags/generate_map_daily.py for tasks to queue
[2026-02-13T14:11:09.346+0000] {logging_mixin.py:188} INFO - [2026-02-13T14:11:09.345+0000] {dagbag.py:538} INFO - Filling up the DagBag from /opt/airflow/dags/generate_map_daily.py
[2026-02-13T14:11:09.403+0000] {processor.py:840} INFO - DAG(s) 'generate_map_daily' retrieved from /opt/airflow/dags/generate_map_daily.py
[2026-02-13T14:11:09.486+0000] {logging_mixin.py:188} INFO - [2026-02-13T14:11:09.486+0000] {dag.py:3036} INFO - Sync 1 DAGs
[2026-02-13T14:11:09.551+0000] {logging_mixin.py:188} INFO - [2026-02-13T14:11:09.551+0000] {dag.py:3823} INFO - Setting next_dagrun for generate_map_daily to 2026-02-13 04:00:00+00:00, run_after=2026-02-14 04:00:00+00:00
[2026-02-13T14:11:09.568+0000] {processor.py:183} INFO - Processing /opt/airflow/dags/generate_map_daily.py took 0.239 seconds
[2026-02-13T14:11:39.888+0000] {processor.py:161} INFO - Started process (PID=345) to work on /opt/airflow/dags/generate_map_daily.py
[2026-02-13T14:11:39.889+0000] {processor.py:830} INFO - Processing file /opt/airflow/dags/generate_map_daily.py for tasks to queue
[2026-02-13T14:11:39.891+0000] {logging_mixin.py:188} INFO - [2026-02-13T14:11:39.890+0000] {dagbag.py:538} INFO - Filling up the DagBag from /opt/airflow/dags/generate_map_daily.py
[2026-02-13T14:11:39.922+0000] {processor.py:840} INFO - DAG(s) 'generate_map_daily' retrieved from /opt/airflow/dags/generate_map_daily.py
[2026-02-13T14:11:39.974+0000] {logging_mixin.py:188} INFO - [2026-02-13T14:11:39.974+0000] {dag.py:3036} INFO - Sync 1 DAGs
[2026-02-13T14:11:40.006+0000] {logging_mixin.py:188} INFO - [2026-02-13T14:11:40.006+0000] {dag.py:3823} INFO - Setting next_dagrun for generate_map_daily to 2026-02-13 04:00:00+00:00, run_after=2026-02-14 04:00:00+00:00
[2026-02-13T14:11:40.025+0000] {processor.py:183} INFO - Processing /opt/airflow/dags/generate_map_daily.py took 0.143 seconds
[2026-02-13T14:12:10.659+0000] {processor.py:161} INFO - Started process (PID=362) to work on /opt/airflow/dags/generate_map_daily.py
[2026-02-13T14:12:10.664+0000] {processor.py:830} INFO - Processing file /opt/airflow/dags/generate_map_daily.py for tasks to queue
[2026-02-13T14:12:10.672+0000] {logging_mixin.py:188} INFO - [2026-02-13T14:12:10.666+0000] {dagbag.py:538} INFO - Filling up the DagBag from /opt/airflow/dags/generate_map_daily.py
[2026-02-13T14:12:10.755+0000] {processor.py:840} INFO - DAG(s) 'generate_map_daily' retrieved from /opt/airflow/dags/generate_map_daily.py
[2026-02-13T14:12:10.875+0000] {logging_mixin.py:188} INFO - [2026-02-13T14:12:10.874+0000] {dag.py:3036} INFO - Sync 1 DAGs
[2026-02-13T14:12:10.913+0000] {logging_mixin.py:188} INFO - [2026-02-13T14:12:10.913+0000] {dag.py:3823} INFO - Setting next_dagrun for generate_map_daily to 2026-02-13 04:00:00+00:00, run_after=2026-02-14 04:00:00+00:00
[2026-02-13T14:12:10.933+0000] {processor.py:183} INFO - Processing /opt/airflow/dags/generate_map_daily.py took 0.288 seconds
[2026-02-13T14:12:41.184+0000] {processor.py:161} INFO - Started process (PID=379) to work on /opt/airflow/dags/generate_map_daily.py
[2026-02-13T14:12:41.185+0000] {processor.py:830} INFO - Processing file /opt/airflow/dags/generate_map_daily.py for tasks to queue
[2026-02-13T14:12:41.187+0000] {logging_mixin.py:188} INFO - [2026-02-13T14:12:41.186+0000] {dagbag.py:538} INFO - Filling up the DagBag from /opt/airflow/dags/generate_map_daily.py
[2026-02-13T14:12:41.226+0000] {processor.py:840} INFO - DAG(s) 'generate_map_daily' retrieved from /opt/airflow/dags/generate_map_daily.py
[2026-02-13T14:12:41.273+0000] {logging_mixin.py:188} INFO - [2026-02-13T14:12:41.273+0000] {dag.py:3036} INFO - Sync 1 DAGs
[2026-02-13T14:12:41.301+0000] {logging_mixin.py:188} INFO - [2026-02-13T14:12:41.301+0000] {dag.py:3823} INFO - Setting next_dagrun for generate_map_daily to 2026-02-13 04:00:00+00:00, run_after=2026-02-14 04:00:00+00:00
[2026-02-13T14:12:41.317+0000] {processor.py:183} INFO - Processing /opt/airflow/dags/generate_map_daily.py took 0.145 seconds
[2026-02-13T14:13:11.507+0000] {processor.py:161} INFO - Started process (PID=396) to work on /opt/airflow/dags/generate_map_daily.py
[2026-02-13T14:13:11.509+0000] {processor.py:830} INFO - Processing file /opt/airflow/dags/generate_map_daily.py for tasks to queue
[2026-02-13T14:13:11.512+0000] {logging_mixin.py:188} INFO - [2026-02-13T14:13:11.511+0000] {dagbag.py:538} INFO - Filling up the DagBag from /opt/airflow/dags/generate_map_daily.py
[2026-02-13T14:13:11.567+0000] {processor.py:840} INFO - DAG(s) 'generate_map_daily' retrieved from /opt/airflow/dags/generate_map_daily.py
[2026-02-13T14:13:11.643+0000] {logging_mixin.py:188} INFO - [2026-02-13T14:13:11.643+0000] {dag.py:3036} INFO - Sync 1 DAGs
[2026-02-13T14:13:11.677+0000] {logging_mixin.py:188} INFO - [2026-02-13T14:13:11.676+0000] {dag.py:3823} INFO - Setting next_dagrun for generate_map_daily to 2026-02-13 04:00:00+00:00, run_after=2026-02-14 04:00:00+00:00
[2026-02-13T14:13:11.817+0000] {processor.py:183} INFO - Processing /opt/airflow/dags/generate_map_daily.py took 0.320 seconds
[2026-02-13T14:13:42.139+0000] {processor.py:161} INFO - Started process (PID=413) to work on /opt/airflow/dags/generate_map_daily.py
[2026-02-13T14:13:42.140+0000] {processor.py:830} INFO - Processing file /opt/airflow/dags/generate_map_daily.py for tasks to queue
[2026-02-13T14:13:42.142+0000] {logging_mixin.py:188} INFO - [2026-02-13T14:13:42.141+0000] {dagbag.py:538} INFO - Filling up the DagBag from /opt/airflow/dags/generate_map_daily.py
[2026-02-13T14:13:42.175+0000] {processor.py:840} INFO - DAG(s) 'generate_map_daily' retrieved from /opt/airflow/dags/generate_map_daily.py
[2026-02-13T14:13:42.242+0000] {logging_mixin.py:188} INFO - [2026-02-13T14:13:42.242+0000] {dag.py:3036} INFO - Sync 1 DAGs
[2026-02-13T14:13:42.277+0000] {logging_mixin.py:188} INFO - [2026-02-13T14:13:42.277+0000] {dag.py:3823} INFO - Setting next_dagrun for generate_map_daily to 2026-02-13 04:00:00+00:00, run_after=2026-02-14 04:00:00+00:00
[2026-02-13T14:13:42.295+0000] {processor.py:183} INFO - Processing /opt/airflow/dags/generate_map_daily.py took 0.165 seconds
[2026-02-13T14:14:12.719+0000] {processor.py:161} INFO - Started process (PID=430) to work on /opt/airflow/dags/generate_map_daily.py
[2026-02-13T14:14:12.727+0000] {processor.py:830} INFO - Processing file /opt/airflow/dags/generate_map_daily.py for tasks to queue
[2026-02-13T14:14:12.732+0000] {logging_mixin.py:188} INFO - [2026-02-13T14:14:12.730+0000] {dagbag.py:538} INFO - Filling up the DagBag from /opt/airflow/dags/generate_map_daily.py
[2026-02-13T14:14:12.845+0000] {processor.py:840} INFO - DAG(s) 'generate_map_daily' retrieved from /opt/airflow/dags/generate_map_daily.py
[2026-02-13T14:14:12.968+0000] {logging_mixin.py:188} INFO - [2026-02-13T14:14:12.968+0000] {dag.py:3036} INFO - Sync 1 DAGs
[2026-02-13T14:14:13.036+0000] {logging_mixin.py:188} INFO - [2026-02-13T14:14:13.036+0000] {dag.py:3823} INFO - Setting next_dagrun for generate_map_daily to 2026-02-13 04:00:00+00:00, run_after=2026-02-14 04:00:00+00:00
[2026-02-13T14:14:13.098+0000] {processor.py:183} INFO - Processing /opt/airflow/dags/generate_map_daily.py took 0.413 seconds
[2026-02-13T14:14:43.807+0000] {processor.py:161} INFO - Started process (PID=447) to work on /opt/airflow/dags/generate_map_daily.py
[2026-02-13T14:14:43.811+0000] {processor.py:830} INFO - Processing file /opt/airflow/dags/generate_map_daily.py for tasks to queue
[2026-02-13T14:14:43.815+0000] {logging_mixin.py:188} INFO - [2026-02-13T14:14:43.812+0000] {dagbag.py:538} INFO - Filling up the DagBag from /opt/airflow/dags/generate_map_daily.py
[2026-02-13T14:14:43.878+0000] {processor.py:840} INFO - DAG(s) 'generate_map_daily' retrieved from /opt/airflow/dags/generate_map_daily.py
[2026-02-13T14:14:44.046+0000] {logging_mixin.py:188} INFO - [2026-02-13T14:14:44.045+0000] {dag.py:3036} INFO - Sync 1 DAGs
[2026-02-13T14:14:44.086+0000] {logging_mixin.py:188} INFO - [2026-02-13T14:14:44.085+0000] {dag.py:3823} INFO - Setting next_dagrun for generate_map_daily to 2026-02-13 04:00:00+00:00, run_after=2026-02-14 04:00:00+00:00
[2026-02-13T14:14:44.104+0000] {processor.py:183} INFO - Processing /opt/airflow/dags/generate_map_daily.py took 0.307 seconds
