[2026-02-12T16:52:50.748+0000] {processor.py:161} INFO - Started process (PID=166) to work on /opt/airflow/dags/analyze_prices_weekly.py
[2026-02-12T16:52:50.751+0000] {processor.py:830} INFO - Processing file /opt/airflow/dags/analyze_prices_weekly.py for tasks to queue
[2026-02-12T16:52:50.754+0000] {logging_mixin.py:188} INFO - [2026-02-12T16:52:50.753+0000] {dagbag.py:538} INFO - Filling up the DagBag from /opt/airflow/dags/analyze_prices_weekly.py
[2026-02-12T16:52:52.550+0000] {processor.py:840} INFO - DAG(s) 'analyze_prices_weekly' retrieved from /opt/airflow/dags/analyze_prices_weekly.py
[2026-02-12T16:52:52.636+0000] {logging_mixin.py:188} INFO - [2026-02-12T16:52:52.636+0000] {override.py:1769} INFO - Created Permission View: can delete on DAG:analyze_prices_weekly
[2026-02-12T16:52:52.642+0000] {logging_mixin.py:188} INFO - [2026-02-12T16:52:52.642+0000] {override.py:1769} INFO - Created Permission View: can read on DAG:analyze_prices_weekly
[2026-02-12T16:52:52.645+0000] {logging_mixin.py:188} INFO - [2026-02-12T16:52:52.645+0000] {override.py:1769} INFO - Created Permission View: can edit on DAG:analyze_prices_weekly
[2026-02-12T16:52:52.645+0000] {logging_mixin.py:188} INFO - [2026-02-12T16:52:52.645+0000] {dag.py:3036} INFO - Sync 1 DAGs
[2026-02-12T16:52:52.652+0000] {logging_mixin.py:188} INFO - [2026-02-12T16:52:52.652+0000] {dag.py:3058} INFO - Creating ORM DAG for analyze_prices_weekly
[2026-02-12T16:52:52.660+0000] {logging_mixin.py:188} INFO - [2026-02-12T16:52:52.660+0000] {dag.py:3823} INFO - Setting next_dagrun for analyze_prices_weekly to 2026-02-02 09:00:00+00:00, run_after=2026-02-09 09:00:00+00:00
[2026-02-12T16:52:52.674+0000] {processor.py:183} INFO - Processing /opt/airflow/dags/analyze_prices_weekly.py took 1.961 seconds
[2026-02-12T16:53:22.966+0000] {processor.py:161} INFO - Started process (PID=218) to work on /opt/airflow/dags/analyze_prices_weekly.py
[2026-02-12T16:53:22.967+0000] {processor.py:830} INFO - Processing file /opt/airflow/dags/analyze_prices_weekly.py for tasks to queue
[2026-02-12T16:53:22.968+0000] {logging_mixin.py:188} INFO - [2026-02-12T16:53:22.967+0000] {dagbag.py:538} INFO - Filling up the DagBag from /opt/airflow/dags/analyze_prices_weekly.py
[2026-02-12T16:53:23.505+0000] {processor.py:840} INFO - DAG(s) 'analyze_prices_weekly' retrieved from /opt/airflow/dags/analyze_prices_weekly.py
[2026-02-12T16:53:23.694+0000] {logging_mixin.py:188} INFO - [2026-02-12T16:53:23.692+0000] {dag.py:3036} INFO - Sync 1 DAGs
[2026-02-12T16:53:23.824+0000] {logging_mixin.py:188} INFO - [2026-02-12T16:53:23.822+0000] {dag.py:3823} INFO - Setting next_dagrun for analyze_prices_weekly to 2026-02-09 09:00:00+00:00, run_after=2026-02-16 09:00:00+00:00
[2026-02-12T16:53:23.891+0000] {processor.py:183} INFO - Processing /opt/airflow/dags/analyze_prices_weekly.py took 0.929 seconds
[2026-02-12T16:53:54.707+0000] {processor.py:161} INFO - Started process (PID=235) to work on /opt/airflow/dags/analyze_prices_weekly.py
[2026-02-12T16:53:54.708+0000] {processor.py:830} INFO - Processing file /opt/airflow/dags/analyze_prices_weekly.py for tasks to queue
[2026-02-12T16:53:54.709+0000] {logging_mixin.py:188} INFO - [2026-02-12T16:53:54.709+0000] {dagbag.py:538} INFO - Filling up the DagBag from /opt/airflow/dags/analyze_prices_weekly.py
[2026-02-12T16:53:55.209+0000] {processor.py:840} INFO - DAG(s) 'analyze_prices_weekly' retrieved from /opt/airflow/dags/analyze_prices_weekly.py
[2026-02-12T16:53:55.238+0000] {logging_mixin.py:188} INFO - [2026-02-12T16:53:55.238+0000] {dag.py:3036} INFO - Sync 1 DAGs
[2026-02-12T16:53:55.258+0000] {logging_mixin.py:188} INFO - [2026-02-12T16:53:55.258+0000] {dag.py:3823} INFO - Setting next_dagrun for analyze_prices_weekly to 2026-02-09 09:00:00+00:00, run_after=2026-02-16 09:00:00+00:00
[2026-02-12T16:53:55.273+0000] {processor.py:183} INFO - Processing /opt/airflow/dags/analyze_prices_weekly.py took 0.576 seconds
[2026-02-12T16:54:25.350+0000] {processor.py:161} INFO - Started process (PID=252) to work on /opt/airflow/dags/analyze_prices_weekly.py
[2026-02-12T16:54:25.351+0000] {processor.py:830} INFO - Processing file /opt/airflow/dags/analyze_prices_weekly.py for tasks to queue
[2026-02-12T16:54:25.352+0000] {logging_mixin.py:188} INFO - [2026-02-12T16:54:25.351+0000] {dagbag.py:538} INFO - Filling up the DagBag from /opt/airflow/dags/analyze_prices_weekly.py
[2026-02-12T16:54:25.697+0000] {processor.py:840} INFO - DAG(s) 'analyze_prices_weekly' retrieved from /opt/airflow/dags/analyze_prices_weekly.py
[2026-02-12T16:54:25.736+0000] {logging_mixin.py:188} INFO - [2026-02-12T16:54:25.736+0000] {dag.py:3036} INFO - Sync 1 DAGs
[2026-02-12T16:54:25.761+0000] {logging_mixin.py:188} INFO - [2026-02-12T16:54:25.761+0000] {dag.py:3823} INFO - Setting next_dagrun for analyze_prices_weekly to 2026-02-09 09:00:00+00:00, run_after=2026-02-16 09:00:00+00:00
[2026-02-12T16:54:25.776+0000] {processor.py:183} INFO - Processing /opt/airflow/dags/analyze_prices_weekly.py took 0.432 seconds
[2026-02-12T16:54:56.629+0000] {processor.py:161} INFO - Started process (PID=269) to work on /opt/airflow/dags/analyze_prices_weekly.py
[2026-02-12T16:54:56.630+0000] {processor.py:830} INFO - Processing file /opt/airflow/dags/analyze_prices_weekly.py for tasks to queue
[2026-02-12T16:54:56.631+0000] {logging_mixin.py:188} INFO - [2026-02-12T16:54:56.631+0000] {dagbag.py:538} INFO - Filling up the DagBag from /opt/airflow/dags/analyze_prices_weekly.py
[2026-02-12T16:54:57.066+0000] {processor.py:840} INFO - DAG(s) 'analyze_prices_weekly' retrieved from /opt/airflow/dags/analyze_prices_weekly.py
[2026-02-12T16:54:57.101+0000] {logging_mixin.py:188} INFO - [2026-02-12T16:54:57.100+0000] {dag.py:3036} INFO - Sync 1 DAGs
[2026-02-12T16:54:57.124+0000] {logging_mixin.py:188} INFO - [2026-02-12T16:54:57.123+0000] {dag.py:3823} INFO - Setting next_dagrun for analyze_prices_weekly to 2026-02-09 09:00:00+00:00, run_after=2026-02-16 09:00:00+00:00
[2026-02-12T16:54:57.138+0000] {processor.py:183} INFO - Processing /opt/airflow/dags/analyze_prices_weekly.py took 0.512 seconds
[2026-02-12T16:55:27.307+0000] {processor.py:161} INFO - Started process (PID=286) to work on /opt/airflow/dags/analyze_prices_weekly.py
[2026-02-12T16:55:27.309+0000] {processor.py:830} INFO - Processing file /opt/airflow/dags/analyze_prices_weekly.py for tasks to queue
[2026-02-12T16:55:27.312+0000] {logging_mixin.py:188} INFO - [2026-02-12T16:55:27.311+0000] {dagbag.py:538} INFO - Filling up the DagBag from /opt/airflow/dags/analyze_prices_weekly.py
[2026-02-12T16:55:27.918+0000] {processor.py:840} INFO - DAG(s) 'analyze_prices_weekly' retrieved from /opt/airflow/dags/analyze_prices_weekly.py
[2026-02-12T16:55:27.988+0000] {logging_mixin.py:188} INFO - [2026-02-12T16:55:27.988+0000] {dag.py:3036} INFO - Sync 1 DAGs
[2026-02-12T16:55:28.013+0000] {logging_mixin.py:188} INFO - [2026-02-12T16:55:28.013+0000] {dag.py:3823} INFO - Setting next_dagrun for analyze_prices_weekly to 2026-02-09 09:00:00+00:00, run_after=2026-02-16 09:00:00+00:00
[2026-02-12T16:55:28.044+0000] {processor.py:183} INFO - Processing /opt/airflow/dags/analyze_prices_weekly.py took 0.750 seconds
[2026-02-12T16:55:58.612+0000] {processor.py:161} INFO - Started process (PID=303) to work on /opt/airflow/dags/analyze_prices_weekly.py
[2026-02-12T16:55:58.613+0000] {processor.py:830} INFO - Processing file /opt/airflow/dags/analyze_prices_weekly.py for tasks to queue
[2026-02-12T16:55:58.614+0000] {logging_mixin.py:188} INFO - [2026-02-12T16:55:58.613+0000] {dagbag.py:538} INFO - Filling up the DagBag from /opt/airflow/dags/analyze_prices_weekly.py
[2026-02-12T16:55:58.954+0000] {processor.py:840} INFO - DAG(s) 'analyze_prices_weekly' retrieved from /opt/airflow/dags/analyze_prices_weekly.py
[2026-02-12T16:55:59.003+0000] {logging_mixin.py:188} INFO - [2026-02-12T16:55:59.002+0000] {dag.py:3036} INFO - Sync 1 DAGs
[2026-02-12T16:55:59.055+0000] {logging_mixin.py:188} INFO - [2026-02-12T16:55:59.054+0000] {dag.py:3823} INFO - Setting next_dagrun for analyze_prices_weekly to 2026-02-09 09:00:00+00:00, run_after=2026-02-16 09:00:00+00:00
[2026-02-12T16:55:59.104+0000] {processor.py:183} INFO - Processing /opt/airflow/dags/analyze_prices_weekly.py took 0.495 seconds
[2026-02-12T16:56:29.412+0000] {processor.py:161} INFO - Started process (PID=320) to work on /opt/airflow/dags/analyze_prices_weekly.py
[2026-02-12T16:56:29.415+0000] {processor.py:830} INFO - Processing file /opt/airflow/dags/analyze_prices_weekly.py for tasks to queue
[2026-02-12T16:56:29.417+0000] {logging_mixin.py:188} INFO - [2026-02-12T16:56:29.416+0000] {dagbag.py:538} INFO - Filling up the DagBag from /opt/airflow/dags/analyze_prices_weekly.py
[2026-02-12T16:56:30.005+0000] {processor.py:840} INFO - DAG(s) 'analyze_prices_weekly' retrieved from /opt/airflow/dags/analyze_prices_weekly.py
[2026-02-12T16:56:30.027+0000] {logging_mixin.py:188} INFO - [2026-02-12T16:56:30.027+0000] {dag.py:3036} INFO - Sync 1 DAGs
[2026-02-12T16:56:30.064+0000] {logging_mixin.py:188} INFO - [2026-02-12T16:56:30.064+0000] {dag.py:3823} INFO - Setting next_dagrun for analyze_prices_weekly to 2026-02-09 09:00:00+00:00, run_after=2026-02-16 09:00:00+00:00
[2026-02-12T16:56:30.081+0000] {processor.py:183} INFO - Processing /opt/airflow/dags/analyze_prices_weekly.py took 0.677 seconds
[2026-02-12T16:58:32.814+0000] {processor.py:161} INFO - Started process (PID=165) to work on /opt/airflow/dags/analyze_prices_weekly.py
[2026-02-12T16:58:32.819+0000] {processor.py:830} INFO - Processing file /opt/airflow/dags/analyze_prices_weekly.py for tasks to queue
[2026-02-12T16:58:32.830+0000] {logging_mixin.py:188} INFO - [2026-02-12T16:58:32.826+0000] {dagbag.py:538} INFO - Filling up the DagBag from /opt/airflow/dags/analyze_prices_weekly.py
[2026-02-12T16:58:39.880+0000] {processor.py:840} INFO - DAG(s) 'analyze_prices_weekly' retrieved from /opt/airflow/dags/analyze_prices_weekly.py
[2026-02-12T16:58:40.012+0000] {logging_mixin.py:188} INFO - [2026-02-12T16:58:40.010+0000] {dag.py:3036} INFO - Sync 1 DAGs
[2026-02-12T16:58:40.099+0000] {logging_mixin.py:188} INFO - [2026-02-12T16:58:40.098+0000] {dag.py:3823} INFO - Setting next_dagrun for analyze_prices_weekly to 2026-02-09 09:00:00+00:00, run_after=2026-02-16 09:00:00+00:00
[2026-02-12T16:58:40.432+0000] {processor.py:183} INFO - Processing /opt/airflow/dags/analyze_prices_weekly.py took 7.638 seconds
[2026-02-12T16:59:10.244+0000] {processor.py:161} INFO - Started process (PID=165) to work on /opt/airflow/dags/analyze_prices_weekly.py
[2026-02-12T16:59:10.246+0000] {processor.py:830} INFO - Processing file /opt/airflow/dags/analyze_prices_weekly.py for tasks to queue
[2026-02-12T16:59:10.250+0000] {logging_mixin.py:188} INFO - [2026-02-12T16:59:10.249+0000] {dagbag.py:538} INFO - Filling up the DagBag from /opt/airflow/dags/analyze_prices_weekly.py
[2026-02-12T16:59:14.364+0000] {processor.py:840} INFO - DAG(s) 'analyze_prices_weekly' retrieved from /opt/airflow/dags/analyze_prices_weekly.py
[2026-02-12T16:59:14.445+0000] {logging_mixin.py:188} INFO - [2026-02-12T16:59:14.444+0000] {dag.py:3036} INFO - Sync 1 DAGs
[2026-02-12T16:59:14.513+0000] {logging_mixin.py:188} INFO - [2026-02-12T16:59:14.512+0000] {dag.py:3823} INFO - Setting next_dagrun for analyze_prices_weekly to 2026-02-09 09:00:00+00:00, run_after=2026-02-16 09:00:00+00:00
[2026-02-12T16:59:14.552+0000] {processor.py:183} INFO - Processing /opt/airflow/dags/analyze_prices_weekly.py took 4.316 seconds
[2026-02-12T16:59:44.999+0000] {processor.py:161} INFO - Started process (PID=191) to work on /opt/airflow/dags/analyze_prices_weekly.py
[2026-02-12T16:59:45.001+0000] {processor.py:830} INFO - Processing file /opt/airflow/dags/analyze_prices_weekly.py for tasks to queue
[2026-02-12T16:59:45.003+0000] {logging_mixin.py:188} INFO - [2026-02-12T16:59:45.002+0000] {dagbag.py:538} INFO - Filling up the DagBag from /opt/airflow/dags/analyze_prices_weekly.py
[2026-02-12T16:59:45.490+0000] {processor.py:840} INFO - DAG(s) 'analyze_prices_weekly' retrieved from /opt/airflow/dags/analyze_prices_weekly.py
[2026-02-12T16:59:45.609+0000] {logging_mixin.py:188} INFO - [2026-02-12T16:59:45.608+0000] {dag.py:3036} INFO - Sync 1 DAGs
[2026-02-12T16:59:45.632+0000] {logging_mixin.py:188} INFO - [2026-02-12T16:59:45.632+0000] {dag.py:3823} INFO - Setting next_dagrun for analyze_prices_weekly to 2026-02-09 09:00:00+00:00, run_after=2026-02-16 09:00:00+00:00
[2026-02-12T16:59:45.646+0000] {processor.py:183} INFO - Processing /opt/airflow/dags/analyze_prices_weekly.py took 0.654 seconds
[2026-02-12T17:00:15.959+0000] {processor.py:161} INFO - Started process (PID=208) to work on /opt/airflow/dags/analyze_prices_weekly.py
[2026-02-12T17:00:15.961+0000] {processor.py:830} INFO - Processing file /opt/airflow/dags/analyze_prices_weekly.py for tasks to queue
[2026-02-12T17:00:15.963+0000] {logging_mixin.py:188} INFO - [2026-02-12T17:00:15.962+0000] {dagbag.py:538} INFO - Filling up the DagBag from /opt/airflow/dags/analyze_prices_weekly.py
[2026-02-12T17:00:16.346+0000] {processor.py:840} INFO - DAG(s) 'analyze_prices_weekly' retrieved from /opt/airflow/dags/analyze_prices_weekly.py
[2026-02-12T17:00:16.380+0000] {logging_mixin.py:188} INFO - [2026-02-12T17:00:16.379+0000] {dag.py:3036} INFO - Sync 1 DAGs
[2026-02-12T17:00:16.399+0000] {logging_mixin.py:188} INFO - [2026-02-12T17:00:16.399+0000] {dag.py:3823} INFO - Setting next_dagrun for analyze_prices_weekly to 2026-02-09 09:00:00+00:00, run_after=2026-02-16 09:00:00+00:00
[2026-02-12T17:00:16.412+0000] {processor.py:183} INFO - Processing /opt/airflow/dags/analyze_prices_weekly.py took 0.459 seconds
[2026-02-12T17:00:46.691+0000] {processor.py:161} INFO - Started process (PID=250) to work on /opt/airflow/dags/analyze_prices_weekly.py
[2026-02-12T17:00:46.692+0000] {processor.py:830} INFO - Processing file /opt/airflow/dags/analyze_prices_weekly.py for tasks to queue
[2026-02-12T17:00:46.694+0000] {logging_mixin.py:188} INFO - [2026-02-12T17:00:46.693+0000] {dagbag.py:538} INFO - Filling up the DagBag from /opt/airflow/dags/analyze_prices_weekly.py
[2026-02-12T17:00:47.000+0000] {processor.py:840} INFO - DAG(s) 'analyze_prices_weekly' retrieved from /opt/airflow/dags/analyze_prices_weekly.py
[2026-02-12T17:00:47.028+0000] {logging_mixin.py:188} INFO - [2026-02-12T17:00:47.028+0000] {dag.py:3036} INFO - Sync 1 DAGs
[2026-02-12T17:00:47.053+0000] {logging_mixin.py:188} INFO - [2026-02-12T17:00:47.053+0000] {dag.py:3823} INFO - Setting next_dagrun for analyze_prices_weekly to 2026-02-09 09:00:00+00:00, run_after=2026-02-16 09:00:00+00:00
[2026-02-12T17:00:47.074+0000] {processor.py:183} INFO - Processing /opt/airflow/dags/analyze_prices_weekly.py took 0.389 seconds
[2026-02-12T17:01:17.196+0000] {processor.py:161} INFO - Started process (PID=292) to work on /opt/airflow/dags/analyze_prices_weekly.py
[2026-02-12T17:01:17.197+0000] {processor.py:830} INFO - Processing file /opt/airflow/dags/analyze_prices_weekly.py for tasks to queue
[2026-02-12T17:01:17.199+0000] {logging_mixin.py:188} INFO - [2026-02-12T17:01:17.198+0000] {dagbag.py:538} INFO - Filling up the DagBag from /opt/airflow/dags/analyze_prices_weekly.py
[2026-02-12T17:01:17.604+0000] {processor.py:840} INFO - DAG(s) 'analyze_prices_weekly' retrieved from /opt/airflow/dags/analyze_prices_weekly.py
[2026-02-12T17:01:17.632+0000] {logging_mixin.py:188} INFO - [2026-02-12T17:01:17.631+0000] {dag.py:3036} INFO - Sync 1 DAGs
[2026-02-12T17:01:17.653+0000] {logging_mixin.py:188} INFO - [2026-02-12T17:01:17.653+0000] {dag.py:3823} INFO - Setting next_dagrun for analyze_prices_weekly to 2026-02-09 09:00:00+00:00, run_after=2026-02-16 09:00:00+00:00
[2026-02-12T17:01:17.665+0000] {processor.py:183} INFO - Processing /opt/airflow/dags/analyze_prices_weekly.py took 0.475 seconds
[2026-02-12T17:01:47.918+0000] {processor.py:161} INFO - Started process (PID=309) to work on /opt/airflow/dags/analyze_prices_weekly.py
[2026-02-12T17:01:47.919+0000] {processor.py:830} INFO - Processing file /opt/airflow/dags/analyze_prices_weekly.py for tasks to queue
[2026-02-12T17:01:47.919+0000] {logging_mixin.py:188} INFO - [2026-02-12T17:01:47.919+0000] {dagbag.py:538} INFO - Filling up the DagBag from /opt/airflow/dags/analyze_prices_weekly.py
[2026-02-12T17:01:48.256+0000] {processor.py:840} INFO - DAG(s) 'analyze_prices_weekly' retrieved from /opt/airflow/dags/analyze_prices_weekly.py
[2026-02-12T17:01:48.291+0000] {logging_mixin.py:188} INFO - [2026-02-12T17:01:48.291+0000] {dag.py:3036} INFO - Sync 1 DAGs
[2026-02-12T17:01:48.315+0000] {logging_mixin.py:188} INFO - [2026-02-12T17:01:48.314+0000] {dag.py:3823} INFO - Setting next_dagrun for analyze_prices_weekly to 2026-02-09 09:00:00+00:00, run_after=2026-02-16 09:00:00+00:00
[2026-02-12T17:01:48.334+0000] {processor.py:183} INFO - Processing /opt/airflow/dags/analyze_prices_weekly.py took 0.420 seconds
[2026-02-12T17:02:19.269+0000] {processor.py:161} INFO - Started process (PID=326) to work on /opt/airflow/dags/analyze_prices_weekly.py
[2026-02-12T17:02:19.271+0000] {processor.py:830} INFO - Processing file /opt/airflow/dags/analyze_prices_weekly.py for tasks to queue
[2026-02-12T17:02:19.272+0000] {logging_mixin.py:188} INFO - [2026-02-12T17:02:19.271+0000] {dagbag.py:538} INFO - Filling up the DagBag from /opt/airflow/dags/analyze_prices_weekly.py
[2026-02-12T17:02:19.900+0000] {processor.py:840} INFO - DAG(s) 'analyze_prices_weekly' retrieved from /opt/airflow/dags/analyze_prices_weekly.py
[2026-02-12T17:02:19.934+0000] {logging_mixin.py:188} INFO - [2026-02-12T17:02:19.934+0000] {dag.py:3036} INFO - Sync 1 DAGs
[2026-02-12T17:02:19.960+0000] {logging_mixin.py:188} INFO - [2026-02-12T17:02:19.960+0000] {dag.py:3823} INFO - Setting next_dagrun for analyze_prices_weekly to 2026-02-09 09:00:00+00:00, run_after=2026-02-16 09:00:00+00:00
[2026-02-12T17:02:19.981+0000] {processor.py:183} INFO - Processing /opt/airflow/dags/analyze_prices_weekly.py took 0.716 seconds
[2026-02-12T17:02:50.626+0000] {processor.py:161} INFO - Started process (PID=343) to work on /opt/airflow/dags/analyze_prices_weekly.py
[2026-02-12T17:02:50.628+0000] {processor.py:830} INFO - Processing file /opt/airflow/dags/analyze_prices_weekly.py for tasks to queue
[2026-02-12T17:02:50.629+0000] {logging_mixin.py:188} INFO - [2026-02-12T17:02:50.628+0000] {dagbag.py:538} INFO - Filling up the DagBag from /opt/airflow/dags/analyze_prices_weekly.py
[2026-02-12T17:02:51.189+0000] {processor.py:840} INFO - DAG(s) 'analyze_prices_weekly' retrieved from /opt/airflow/dags/analyze_prices_weekly.py
[2026-02-12T17:02:51.235+0000] {logging_mixin.py:188} INFO - [2026-02-12T17:02:51.234+0000] {dag.py:3036} INFO - Sync 1 DAGs
[2026-02-12T17:02:51.262+0000] {logging_mixin.py:188} INFO - [2026-02-12T17:02:51.262+0000] {dag.py:3823} INFO - Setting next_dagrun for analyze_prices_weekly to 2026-02-09 09:00:00+00:00, run_after=2026-02-16 09:00:00+00:00
[2026-02-12T17:02:51.286+0000] {processor.py:183} INFO - Processing /opt/airflow/dags/analyze_prices_weekly.py took 0.667 seconds
[2026-02-12T17:03:21.652+0000] {processor.py:161} INFO - Started process (PID=360) to work on /opt/airflow/dags/analyze_prices_weekly.py
[2026-02-12T17:03:21.654+0000] {processor.py:830} INFO - Processing file /opt/airflow/dags/analyze_prices_weekly.py for tasks to queue
[2026-02-12T17:03:21.655+0000] {logging_mixin.py:188} INFO - [2026-02-12T17:03:21.655+0000] {dagbag.py:538} INFO - Filling up the DagBag from /opt/airflow/dags/analyze_prices_weekly.py
[2026-02-12T17:03:22.056+0000] {processor.py:840} INFO - DAG(s) 'analyze_prices_weekly' retrieved from /opt/airflow/dags/analyze_prices_weekly.py
[2026-02-12T17:03:22.104+0000] {logging_mixin.py:188} INFO - [2026-02-12T17:03:22.103+0000] {dag.py:3036} INFO - Sync 1 DAGs
[2026-02-12T17:03:22.137+0000] {logging_mixin.py:188} INFO - [2026-02-12T17:03:22.137+0000] {dag.py:3823} INFO - Setting next_dagrun for analyze_prices_weekly to 2026-02-09 09:00:00+00:00, run_after=2026-02-16 09:00:00+00:00
[2026-02-12T17:03:22.151+0000] {processor.py:183} INFO - Processing /opt/airflow/dags/analyze_prices_weekly.py took 0.505 seconds
