[2026-02-12T16:52:50.787+0000] {processor.py:161} INFO - Started process (PID=169) to work on /opt/airflow/dags/generate_map_daily.py
[2026-02-12T16:52:50.791+0000] {processor.py:830} INFO - Processing file /opt/airflow/dags/generate_map_daily.py for tasks to queue
[2026-02-12T16:52:50.793+0000] {logging_mixin.py:188} INFO - [2026-02-12T16:52:50.792+0000] {dagbag.py:538} INFO - Filling up the DagBag from /opt/airflow/dags/generate_map_daily.py
[2026-02-12T16:52:50.893+0000] {processor.py:840} INFO - DAG(s) 'generate_map_daily' retrieved from /opt/airflow/dags/generate_map_daily.py
[2026-02-12T16:52:51.430+0000] {logging_mixin.py:188} INFO - [2026-02-12T16:52:51.428+0000] {override.py:1769} INFO - Created Permission View: can delete on DAG:generate_map_daily
[2026-02-12T16:52:51.442+0000] {logging_mixin.py:188} INFO - [2026-02-12T16:52:51.441+0000] {override.py:1769} INFO - Created Permission View: can read on DAG:generate_map_daily
[2026-02-12T16:52:51.453+0000] {logging_mixin.py:188} INFO - [2026-02-12T16:52:51.453+0000] {override.py:1769} INFO - Created Permission View: can edit on DAG:generate_map_daily
[2026-02-12T16:52:51.454+0000] {logging_mixin.py:188} INFO - [2026-02-12T16:52:51.454+0000] {dag.py:3036} INFO - Sync 1 DAGs
[2026-02-12T16:52:51.474+0000] {logging_mixin.py:188} INFO - [2026-02-12T16:52:51.474+0000] {dag.py:3058} INFO - Creating ORM DAG for generate_map_daily
[2026-02-12T16:52:51.484+0000] {logging_mixin.py:188} INFO - [2026-02-12T16:52:51.484+0000] {dag.py:3823} INFO - Setting next_dagrun for generate_map_daily to 2026-02-11 02:00:00+00:00, run_after=2026-02-12 02:00:00+00:00
[2026-02-12T16:52:51.513+0000] {processor.py:183} INFO - Processing /opt/airflow/dags/generate_map_daily.py took 0.747 seconds
[2026-02-12T16:53:21.941+0000] {processor.py:161} INFO - Started process (PID=213) to work on /opt/airflow/dags/generate_map_daily.py
[2026-02-12T16:53:21.943+0000] {processor.py:830} INFO - Processing file /opt/airflow/dags/generate_map_daily.py for tasks to queue
[2026-02-12T16:53:21.946+0000] {logging_mixin.py:188} INFO - [2026-02-12T16:53:21.945+0000] {dagbag.py:538} INFO - Filling up the DagBag from /opt/airflow/dags/generate_map_daily.py
[2026-02-12T16:53:22.030+0000] {processor.py:840} INFO - DAG(s) 'generate_map_daily' retrieved from /opt/airflow/dags/generate_map_daily.py
[2026-02-12T16:53:22.190+0000] {logging_mixin.py:188} INFO - [2026-02-12T16:53:22.189+0000] {dag.py:3036} INFO - Sync 1 DAGs
[2026-02-12T16:53:22.265+0000] {logging_mixin.py:188} INFO - [2026-02-12T16:53:22.265+0000] {dag.py:3823} INFO - Setting next_dagrun for generate_map_daily to 2026-02-12 02:00:00+00:00, run_after=2026-02-13 02:00:00+00:00
[2026-02-12T16:53:22.308+0000] {processor.py:183} INFO - Processing /opt/airflow/dags/generate_map_daily.py took 0.378 seconds
[2026-02-12T16:53:52.655+0000] {processor.py:161} INFO - Started process (PID=230) to work on /opt/airflow/dags/generate_map_daily.py
[2026-02-12T16:53:52.657+0000] {processor.py:830} INFO - Processing file /opt/airflow/dags/generate_map_daily.py for tasks to queue
[2026-02-12T16:53:52.659+0000] {logging_mixin.py:188} INFO - [2026-02-12T16:53:52.658+0000] {dagbag.py:538} INFO - Filling up the DagBag from /opt/airflow/dags/generate_map_daily.py
[2026-02-12T16:53:52.709+0000] {processor.py:840} INFO - DAG(s) 'generate_map_daily' retrieved from /opt/airflow/dags/generate_map_daily.py
[2026-02-12T16:53:52.756+0000] {logging_mixin.py:188} INFO - [2026-02-12T16:53:52.756+0000] {dag.py:3036} INFO - Sync 1 DAGs
[2026-02-12T16:53:52.784+0000] {logging_mixin.py:188} INFO - [2026-02-12T16:53:52.784+0000] {dag.py:3823} INFO - Setting next_dagrun for generate_map_daily to 2026-02-12 02:00:00+00:00, run_after=2026-02-13 02:00:00+00:00
[2026-02-12T16:53:52.806+0000] {processor.py:183} INFO - Processing /opt/airflow/dags/generate_map_daily.py took 0.157 seconds
[2026-02-12T16:54:23.132+0000] {processor.py:161} INFO - Started process (PID=247) to work on /opt/airflow/dags/generate_map_daily.py
[2026-02-12T16:54:23.134+0000] {processor.py:830} INFO - Processing file /opt/airflow/dags/generate_map_daily.py for tasks to queue
[2026-02-12T16:54:23.137+0000] {logging_mixin.py:188} INFO - [2026-02-12T16:54:23.136+0000] {dagbag.py:538} INFO - Filling up the DagBag from /opt/airflow/dags/generate_map_daily.py
[2026-02-12T16:54:23.185+0000] {processor.py:840} INFO - DAG(s) 'generate_map_daily' retrieved from /opt/airflow/dags/generate_map_daily.py
[2026-02-12T16:54:23.240+0000] {logging_mixin.py:188} INFO - [2026-02-12T16:54:23.240+0000] {dag.py:3036} INFO - Sync 1 DAGs
[2026-02-12T16:54:23.266+0000] {logging_mixin.py:188} INFO - [2026-02-12T16:54:23.266+0000] {dag.py:3823} INFO - Setting next_dagrun for generate_map_daily to 2026-02-12 02:00:00+00:00, run_after=2026-02-13 02:00:00+00:00
[2026-02-12T16:54:23.288+0000] {processor.py:183} INFO - Processing /opt/airflow/dags/generate_map_daily.py took 0.164 seconds
[2026-02-12T16:54:53.600+0000] {processor.py:161} INFO - Started process (PID=264) to work on /opt/airflow/dags/generate_map_daily.py
[2026-02-12T16:54:53.602+0000] {processor.py:830} INFO - Processing file /opt/airflow/dags/generate_map_daily.py for tasks to queue
[2026-02-12T16:54:53.603+0000] {logging_mixin.py:188} INFO - [2026-02-12T16:54:53.603+0000] {dagbag.py:538} INFO - Filling up the DagBag from /opt/airflow/dags/generate_map_daily.py
[2026-02-12T16:54:53.628+0000] {processor.py:840} INFO - DAG(s) 'generate_map_daily' retrieved from /opt/airflow/dags/generate_map_daily.py
[2026-02-12T16:54:53.674+0000] {logging_mixin.py:188} INFO - [2026-02-12T16:54:53.674+0000] {dag.py:3036} INFO - Sync 1 DAGs
[2026-02-12T16:54:53.701+0000] {logging_mixin.py:188} INFO - [2026-02-12T16:54:53.701+0000] {dag.py:3823} INFO - Setting next_dagrun for generate_map_daily to 2026-02-12 02:00:00+00:00, run_after=2026-02-13 02:00:00+00:00
[2026-02-12T16:54:53.719+0000] {processor.py:183} INFO - Processing /opt/airflow/dags/generate_map_daily.py took 0.124 seconds
[2026-02-12T16:55:23.991+0000] {processor.py:161} INFO - Started process (PID=281) to work on /opt/airflow/dags/generate_map_daily.py
[2026-02-12T16:55:23.993+0000] {processor.py:830} INFO - Processing file /opt/airflow/dags/generate_map_daily.py for tasks to queue
[2026-02-12T16:55:23.997+0000] {logging_mixin.py:188} INFO - [2026-02-12T16:55:23.994+0000] {dagbag.py:538} INFO - Filling up the DagBag from /opt/airflow/dags/generate_map_daily.py
[2026-02-12T16:55:24.027+0000] {processor.py:840} INFO - DAG(s) 'generate_map_daily' retrieved from /opt/airflow/dags/generate_map_daily.py
[2026-02-12T16:55:24.091+0000] {logging_mixin.py:188} INFO - [2026-02-12T16:55:24.091+0000] {dag.py:3036} INFO - Sync 1 DAGs
[2026-02-12T16:55:24.155+0000] {logging_mixin.py:188} INFO - [2026-02-12T16:55:24.155+0000] {dag.py:3823} INFO - Setting next_dagrun for generate_map_daily to 2026-02-12 02:00:00+00:00, run_after=2026-02-13 02:00:00+00:00
[2026-02-12T16:55:24.205+0000] {processor.py:183} INFO - Processing /opt/airflow/dags/generate_map_daily.py took 0.221 seconds
[2026-02-12T16:55:54.568+0000] {processor.py:161} INFO - Started process (PID=298) to work on /opt/airflow/dags/generate_map_daily.py
[2026-02-12T16:55:54.569+0000] {processor.py:830} INFO - Processing file /opt/airflow/dags/generate_map_daily.py for tasks to queue
[2026-02-12T16:55:54.573+0000] {logging_mixin.py:188} INFO - [2026-02-12T16:55:54.571+0000] {dagbag.py:538} INFO - Filling up the DagBag from /opt/airflow/dags/generate_map_daily.py
[2026-02-12T16:55:54.606+0000] {processor.py:840} INFO - DAG(s) 'generate_map_daily' retrieved from /opt/airflow/dags/generate_map_daily.py
[2026-02-12T16:55:54.646+0000] {logging_mixin.py:188} INFO - [2026-02-12T16:55:54.646+0000] {dag.py:3036} INFO - Sync 1 DAGs
[2026-02-12T16:55:54.669+0000] {logging_mixin.py:188} INFO - [2026-02-12T16:55:54.668+0000] {dag.py:3823} INFO - Setting next_dagrun for generate_map_daily to 2026-02-12 02:00:00+00:00, run_after=2026-02-13 02:00:00+00:00
[2026-02-12T16:55:54.686+0000] {processor.py:183} INFO - Processing /opt/airflow/dags/generate_map_daily.py took 0.124 seconds
[2026-02-12T16:56:25.336+0000] {processor.py:161} INFO - Started process (PID=309) to work on /opt/airflow/dags/generate_map_daily.py
[2026-02-12T16:56:25.338+0000] {processor.py:830} INFO - Processing file /opt/airflow/dags/generate_map_daily.py for tasks to queue
[2026-02-12T16:56:25.339+0000] {logging_mixin.py:188} INFO - [2026-02-12T16:56:25.338+0000] {dagbag.py:538} INFO - Filling up the DagBag from /opt/airflow/dags/generate_map_daily.py
[2026-02-12T16:56:25.363+0000] {processor.py:840} INFO - DAG(s) 'generate_map_daily' retrieved from /opt/airflow/dags/generate_map_daily.py
[2026-02-12T16:56:25.398+0000] {logging_mixin.py:188} INFO - [2026-02-12T16:56:25.398+0000] {dag.py:3036} INFO - Sync 1 DAGs
[2026-02-12T16:56:25.426+0000] {logging_mixin.py:188} INFO - [2026-02-12T16:56:25.426+0000] {dag.py:3823} INFO - Setting next_dagrun for generate_map_daily to 2026-02-12 02:00:00+00:00, run_after=2026-02-13 02:00:00+00:00
[2026-02-12T16:56:25.442+0000] {processor.py:183} INFO - Processing /opt/airflow/dags/generate_map_daily.py took 0.112 seconds
[2026-02-12T16:58:32.873+0000] {processor.py:161} INFO - Started process (PID=168) to work on /opt/airflow/dags/generate_map_daily.py
[2026-02-12T16:58:32.877+0000] {processor.py:830} INFO - Processing file /opt/airflow/dags/generate_map_daily.py for tasks to queue
[2026-02-12T16:58:32.906+0000] {logging_mixin.py:188} INFO - [2026-02-12T16:58:32.900+0000] {dagbag.py:538} INFO - Filling up the DagBag from /opt/airflow/dags/generate_map_daily.py
[2026-02-12T16:58:33.011+0000] {processor.py:840} INFO - DAG(s) 'generate_map_daily' retrieved from /opt/airflow/dags/generate_map_daily.py
[2026-02-12T16:58:33.106+0000] {logging_mixin.py:188} INFO - [2026-02-12T16:58:33.105+0000] {dag.py:3036} INFO - Sync 1 DAGs
[2026-02-12T16:58:33.230+0000] {logging_mixin.py:188} INFO - [2026-02-12T16:58:33.229+0000] {dag.py:3823} INFO - Setting next_dagrun for generate_map_daily to 2026-02-12 02:00:00+00:00, run_after=2026-02-13 02:00:00+00:00
[2026-02-12T16:58:33.362+0000] {processor.py:183} INFO - Processing /opt/airflow/dags/generate_map_daily.py took 0.512 seconds
[2026-02-12T16:59:10.289+0000] {processor.py:161} INFO - Started process (PID=168) to work on /opt/airflow/dags/generate_map_daily.py
[2026-02-12T16:59:10.298+0000] {processor.py:830} INFO - Processing file /opt/airflow/dags/generate_map_daily.py for tasks to queue
[2026-02-12T16:59:10.301+0000] {logging_mixin.py:188} INFO - [2026-02-12T16:59:10.300+0000] {dagbag.py:538} INFO - Filling up the DagBag from /opt/airflow/dags/generate_map_daily.py
[2026-02-12T16:59:10.375+0000] {processor.py:840} INFO - DAG(s) 'generate_map_daily' retrieved from /opt/airflow/dags/generate_map_daily.py
[2026-02-12T16:59:10.484+0000] {logging_mixin.py:188} INFO - [2026-02-12T16:59:10.483+0000] {dag.py:3036} INFO - Sync 1 DAGs
[2026-02-12T16:59:10.574+0000] {logging_mixin.py:188} INFO - [2026-02-12T16:59:10.573+0000] {dag.py:3823} INFO - Setting next_dagrun for generate_map_daily to 2026-02-12 02:00:00+00:00, run_after=2026-02-13 02:00:00+00:00
[2026-02-12T16:59:10.643+0000] {processor.py:183} INFO - Processing /opt/airflow/dags/generate_map_daily.py took 0.374 seconds
[2026-02-12T16:59:40.944+0000] {processor.py:161} INFO - Started process (PID=186) to work on /opt/airflow/dags/generate_map_daily.py
[2026-02-12T16:59:40.946+0000] {processor.py:830} INFO - Processing file /opt/airflow/dags/generate_map_daily.py for tasks to queue
[2026-02-12T16:59:40.947+0000] {logging_mixin.py:188} INFO - [2026-02-12T16:59:40.946+0000] {dagbag.py:538} INFO - Filling up the DagBag from /opt/airflow/dags/generate_map_daily.py
[2026-02-12T16:59:40.993+0000] {processor.py:840} INFO - DAG(s) 'generate_map_daily' retrieved from /opt/airflow/dags/generate_map_daily.py
[2026-02-12T16:59:41.311+0000] {logging_mixin.py:188} INFO - [2026-02-12T16:59:41.310+0000] {dag.py:3036} INFO - Sync 1 DAGs
[2026-02-12T16:59:41.326+0000] {logging_mixin.py:188} INFO - [2026-02-12T16:59:41.326+0000] {dag.py:3823} INFO - Setting next_dagrun for generate_map_daily to 2026-02-12 02:00:00+00:00, run_after=2026-02-13 02:00:00+00:00
[2026-02-12T16:59:41.341+0000] {processor.py:183} INFO - Processing /opt/airflow/dags/generate_map_daily.py took 0.403 seconds
[2026-02-12T17:00:11.730+0000] {processor.py:161} INFO - Started process (PID=203) to work on /opt/airflow/dags/generate_map_daily.py
[2026-02-12T17:00:11.732+0000] {processor.py:830} INFO - Processing file /opt/airflow/dags/generate_map_daily.py for tasks to queue
[2026-02-12T17:00:11.734+0000] {logging_mixin.py:188} INFO - [2026-02-12T17:00:11.733+0000] {dagbag.py:538} INFO - Filling up the DagBag from /opt/airflow/dags/generate_map_daily.py
[2026-02-12T17:00:11.778+0000] {processor.py:840} INFO - DAG(s) 'generate_map_daily' retrieved from /opt/airflow/dags/generate_map_daily.py
[2026-02-12T17:00:11.885+0000] {logging_mixin.py:188} INFO - [2026-02-12T17:00:11.884+0000] {dag.py:3036} INFO - Sync 1 DAGs
[2026-02-12T17:00:11.951+0000] {logging_mixin.py:188} INFO - [2026-02-12T17:00:11.951+0000] {dag.py:3823} INFO - Setting next_dagrun for generate_map_daily to 2026-02-12 02:00:00+00:00, run_after=2026-02-13 02:00:00+00:00
[2026-02-12T17:00:11.975+0000] {processor.py:183} INFO - Processing /opt/airflow/dags/generate_map_daily.py took 0.257 seconds
[2026-02-12T17:00:42.305+0000] {processor.py:161} INFO - Started process (PID=226) to work on /opt/airflow/dags/generate_map_daily.py
[2026-02-12T17:00:42.310+0000] {processor.py:830} INFO - Processing file /opt/airflow/dags/generate_map_daily.py for tasks to queue
[2026-02-12T17:00:42.313+0000] {logging_mixin.py:188} INFO - [2026-02-12T17:00:42.312+0000] {dagbag.py:538} INFO - Filling up the DagBag from /opt/airflow/dags/generate_map_daily.py
[2026-02-12T17:00:42.371+0000] {processor.py:840} INFO - DAG(s) 'generate_map_daily' retrieved from /opt/airflow/dags/generate_map_daily.py
[2026-02-12T17:00:42.462+0000] {logging_mixin.py:188} INFO - [2026-02-12T17:00:42.461+0000] {dag.py:3036} INFO - Sync 1 DAGs
[2026-02-12T17:00:42.543+0000] {logging_mixin.py:188} INFO - [2026-02-12T17:00:42.543+0000] {dag.py:3823} INFO - Setting next_dagrun for generate_map_daily to 2026-02-12 02:00:00+00:00, run_after=2026-02-13 02:00:00+00:00
[2026-02-12T17:00:42.592+0000] {processor.py:183} INFO - Processing /opt/airflow/dags/generate_map_daily.py took 0.301 seconds
[2026-02-12T17:01:12.968+0000] {processor.py:161} INFO - Started process (PID=287) to work on /opt/airflow/dags/generate_map_daily.py
[2026-02-12T17:01:12.970+0000] {processor.py:830} INFO - Processing file /opt/airflow/dags/generate_map_daily.py for tasks to queue
[2026-02-12T17:01:12.972+0000] {logging_mixin.py:188} INFO - [2026-02-12T17:01:12.971+0000] {dagbag.py:538} INFO - Filling up the DagBag from /opt/airflow/dags/generate_map_daily.py
[2026-02-12T17:01:13.027+0000] {processor.py:840} INFO - DAG(s) 'generate_map_daily' retrieved from /opt/airflow/dags/generate_map_daily.py
[2026-02-12T17:01:13.085+0000] {logging_mixin.py:188} INFO - [2026-02-12T17:01:13.085+0000] {dag.py:3036} INFO - Sync 1 DAGs
[2026-02-12T17:01:13.111+0000] {logging_mixin.py:188} INFO - [2026-02-12T17:01:13.111+0000] {dag.py:3823} INFO - Setting next_dagrun for generate_map_daily to 2026-02-12 02:00:00+00:00, run_after=2026-02-13 02:00:00+00:00
[2026-02-12T17:01:13.125+0000] {processor.py:183} INFO - Processing /opt/airflow/dags/generate_map_daily.py took 0.164 seconds
[2026-02-12T17:01:43.809+0000] {processor.py:161} INFO - Started process (PID=304) to work on /opt/airflow/dags/generate_map_daily.py
[2026-02-12T17:01:43.810+0000] {processor.py:830} INFO - Processing file /opt/airflow/dags/generate_map_daily.py for tasks to queue
[2026-02-12T17:01:43.812+0000] {logging_mixin.py:188} INFO - [2026-02-12T17:01:43.811+0000] {dagbag.py:538} INFO - Filling up the DagBag from /opt/airflow/dags/generate_map_daily.py
[2026-02-12T17:01:43.840+0000] {processor.py:840} INFO - DAG(s) 'generate_map_daily' retrieved from /opt/airflow/dags/generate_map_daily.py
[2026-02-12T17:01:43.883+0000] {logging_mixin.py:188} INFO - [2026-02-12T17:01:43.883+0000] {dag.py:3036} INFO - Sync 1 DAGs
[2026-02-12T17:01:43.910+0000] {logging_mixin.py:188} INFO - [2026-02-12T17:01:43.910+0000] {dag.py:3823} INFO - Setting next_dagrun for generate_map_daily to 2026-02-12 02:00:00+00:00, run_after=2026-02-13 02:00:00+00:00
[2026-02-12T17:01:43.927+0000] {processor.py:183} INFO - Processing /opt/airflow/dags/generate_map_daily.py took 0.124 seconds
[2026-02-12T17:02:14.203+0000] {processor.py:161} INFO - Started process (PID=321) to work on /opt/airflow/dags/generate_map_daily.py
[2026-02-12T17:02:14.204+0000] {processor.py:830} INFO - Processing file /opt/airflow/dags/generate_map_daily.py for tasks to queue
[2026-02-12T17:02:14.206+0000] {logging_mixin.py:188} INFO - [2026-02-12T17:02:14.205+0000] {dagbag.py:538} INFO - Filling up the DagBag from /opt/airflow/dags/generate_map_daily.py
[2026-02-12T17:02:14.235+0000] {processor.py:840} INFO - DAG(s) 'generate_map_daily' retrieved from /opt/airflow/dags/generate_map_daily.py
[2026-02-12T17:02:14.269+0000] {logging_mixin.py:188} INFO - [2026-02-12T17:02:14.269+0000] {dag.py:3036} INFO - Sync 1 DAGs
[2026-02-12T17:02:14.292+0000] {logging_mixin.py:188} INFO - [2026-02-12T17:02:14.292+0000] {dag.py:3823} INFO - Setting next_dagrun for generate_map_daily to 2026-02-12 02:00:00+00:00, run_after=2026-02-13 02:00:00+00:00
[2026-02-12T17:02:14.305+0000] {processor.py:183} INFO - Processing /opt/airflow/dags/generate_map_daily.py took 0.107 seconds
[2026-02-12T17:02:44.556+0000] {processor.py:161} INFO - Started process (PID=338) to work on /opt/airflow/dags/generate_map_daily.py
[2026-02-12T17:02:44.557+0000] {processor.py:830} INFO - Processing file /opt/airflow/dags/generate_map_daily.py for tasks to queue
[2026-02-12T17:02:44.559+0000] {logging_mixin.py:188} INFO - [2026-02-12T17:02:44.558+0000] {dagbag.py:538} INFO - Filling up the DagBag from /opt/airflow/dags/generate_map_daily.py
[2026-02-12T17:02:44.583+0000] {processor.py:840} INFO - DAG(s) 'generate_map_daily' retrieved from /opt/airflow/dags/generate_map_daily.py
[2026-02-12T17:02:44.625+0000] {logging_mixin.py:188} INFO - [2026-02-12T17:02:44.625+0000] {dag.py:3036} INFO - Sync 1 DAGs
[2026-02-12T17:02:44.652+0000] {logging_mixin.py:188} INFO - [2026-02-12T17:02:44.652+0000] {dag.py:3823} INFO - Setting next_dagrun for generate_map_daily to 2026-02-12 02:00:00+00:00, run_after=2026-02-13 02:00:00+00:00
[2026-02-12T17:02:44.668+0000] {processor.py:183} INFO - Processing /opt/airflow/dags/generate_map_daily.py took 0.117 seconds
[2026-02-12T17:03:15.118+0000] {processor.py:161} INFO - Started process (PID=349) to work on /opt/airflow/dags/generate_map_daily.py
[2026-02-12T17:03:15.124+0000] {processor.py:830} INFO - Processing file /opt/airflow/dags/generate_map_daily.py for tasks to queue
[2026-02-12T17:03:15.128+0000] {logging_mixin.py:188} INFO - [2026-02-12T17:03:15.125+0000] {dagbag.py:538} INFO - Filling up the DagBag from /opt/airflow/dags/generate_map_daily.py
[2026-02-12T17:03:15.168+0000] {processor.py:840} INFO - DAG(s) 'generate_map_daily' retrieved from /opt/airflow/dags/generate_map_daily.py
[2026-02-12T17:03:15.248+0000] {logging_mixin.py:188} INFO - [2026-02-12T17:03:15.248+0000] {dag.py:3036} INFO - Sync 1 DAGs
[2026-02-12T17:03:15.343+0000] {logging_mixin.py:188} INFO - [2026-02-12T17:03:15.342+0000] {dag.py:3823} INFO - Setting next_dagrun for generate_map_daily to 2026-02-12 02:00:00+00:00, run_after=2026-02-13 02:00:00+00:00
[2026-02-12T17:03:15.439+0000] {processor.py:183} INFO - Processing /opt/airflow/dags/generate_map_daily.py took 0.419 seconds
